DEPRECATION WARNING [import]: Sass @import rules are deprecated and will be removed in Dart Sass 3.0.0.

More info and automated migrator: https://sass-lang.com/d/import

  ╷
3 │ @import "reset", "header", "post", "page", "syntax-highlighting", "index", "footer", "scrollbar";
  │         ^^^^^^^
  ╵
    C:\Users\alanl\Desktop\data2al.github.io-main\css\main.scss 3:9  root stylesheet
DEPRECATION WARNING [import]: Sass @import rules are deprecated and will be removed in Dart Sass 3.0.0.

More info and automated migrator: https://sass-lang.com/d/import

  ╷
3 │ @import "reset", "header", "post", "page", "syntax-highlighting", "index", "footer", "scrollbar";
  │                  ^^^^^^^^
  ╵
    C:\Users\alanl\Desktop\data2al.github.io-main\css\main.scss 3:18  root stylesheet
DEPRECATION WARNING [import]: Sass @import rules are deprecated and will be removed in Dart Sass 3.0.0.

More info and automated migrator: https://sass-lang.com/d/import

  ╷
3 │ @import "reset", "header", "post", "page", "syntax-highlighting", "index", "footer", "scrollbar";
  │                            ^^^^^^
  ╵
    C:\Users\alanl\Desktop\data2al.github.io-main\css\main.scss 3:28  root stylesheet
DEPRECATION WARNING [import]: Sass @import rules are deprecated and will be removed in Dart Sass 3.0.0.

More info and automated migrator: https://sass-lang.com/d/import

  ╷
3 │ @import "reset", "header", "post", "page", "syntax-highlighting", "index", "footer", "scrollbar";
  │                                    ^^^^^^
  ╵
    C:\Users\alanl\Desktop\data2al.github.io-main\css\main.scss 3:36  root stylesheet
DEPRECATION WARNING [import]: Sass @import rules are deprecated and will be removed in Dart Sass 3.0.0.

More info and automated migrator: https://sass-lang.com/d/import

  ╷
3 │ @import "reset", "header", "post", "page", "syntax-highlighting", "index", "footer", "scrollbar";
  │                                            ^^^^^^^^^^^^^^^^^^^^^
  ╵
    C:\Users\alanl\Desktop\data2al.github.io-main\css\main.scss 3:44  root stylesheet
WARNING: 3 repetitive deprecation warnings omitted.
Run in verbose mode to see all warnings.
DEPRECATION WARNING [import]: Sass @import rules are deprecated and will be removed in Dart Sass 3.0.0.

More info and automated migrator: https://sass-lang.com/d/import

  ╷
3 │ @import "reset", "header", "post", "page", "syntax-highlighting", "index", "footer", "scrollbar";
  │         ^^^^^^^
  ╵
    C:\Users\alanl\Desktop\data2al.github.io-main\css\main.scss 3:9  root stylesheet
DEPRECATION WARNING [import]: Sass @import rules are deprecated and will be removed in Dart Sass 3.0.0.

More info and automated migrator: https://sass-lang.com/d/import

  ╷
3 │ @import "reset", "header", "post", "page", "syntax-highlighting", "index", "footer", "scrollbar";
  │                  ^^^^^^^^
  ╵
    C:\Users\alanl\Desktop\data2al.github.io-main\css\main.scss 3:18  root stylesheet
DEPRECATION WARNING [import]: Sass @import rules are deprecated and will be removed in Dart Sass 3.0.0.

More info and automated migrator: https://sass-lang.com/d/import

  ╷
3 │ @import "reset", "header", "post", "page", "syntax-highlighting", "index", "footer", "scrollbar";
  │                            ^^^^^^
  ╵
    C:\Users\alanl\Desktop\data2al.github.io-main\css\main.scss 3:28  root stylesheet
DEPRECATION WARNING [import]: Sass @import rules are deprecated and will be removed in Dart Sass 3.0.0.

More info and automated migrator: https://sass-lang.com/d/import

  ╷
3 │ @import "reset", "header", "post", "page", "syntax-highlighting", "index", "footer", "scrollbar";
  │                                    ^^^^^^
  ╵
    C:\Users\alanl\Desktop\data2al.github.io-main\css\main.scss 3:36  root stylesheet
DEPRECATION WARNING [import]: Sass @import rules are deprecated and will be removed in Dart Sass 3.0.0.

More info and automated migrator: https://sass-lang.com/d/import

  ╷
3 │ @import "reset", "header", "post", "page", "syntax-highlighting", "index", "footer", "scrollbar";
  │                                            ^^^^^^^^^^^^^^^^^^^^^
  ╵
    C:\Users\alanl\Desktop\data2al.github.io-main\css\main.scss 3:44  root stylesheet
WARNING: 3 repetitive deprecation warnings omitted.
Run in verbose mode to see all warnings.
DEPRECATION WARNING [import]: Sass @import rules are deprecated and will be removed in Dart Sass 3.0.0.

More info and automated migrator: https://sass-lang.com/d/import

  ╷
3 │ @import "reset", "header", "post", "page", "syntax-highlighting", "index", "footer", "scrollbar";
  │         ^^^^^^^
  ╵
    C:\Users\alanl\Desktop\data2al.github.io-main\css\main.scss 3:9  root stylesheet
DEPRECATION WARNING [import]: Sass @import rules are deprecated and will be removed in Dart Sass 3.0.0.

More info and automated migrator: https://sass-lang.com/d/import

  ╷
3 │ @import "reset", "header", "post", "page", "syntax-highlighting", "index", "footer", "scrollbar";
  │                  ^^^^^^^^
  ╵
    C:\Users\alanl\Desktop\data2al.github.io-main\css\main.scss 3:18  root stylesheet
DEPRECATION WARNING [import]: Sass @import rules are deprecated and will be removed in Dart Sass 3.0.0.

More info and automated migrator: https://sass-lang.com/d/import

  ╷
3 │ @import "reset", "header", "post", "page", "syntax-highlighting", "index", "footer", "scrollbar";
  │                            ^^^^^^
  ╵
    C:\Users\alanl\Desktop\data2al.github.io-main\css\main.scss 3:28  root stylesheet
DEPRECATION WARNING [import]: Sass @import rules are deprecated and will be removed in Dart Sass 3.0.0.

More info and automated migrator: https://sass-lang.com/d/import

  ╷
3 │ @import "reset", "header", "post", "page", "syntax-highlighting", "index", "footer", "scrollbar";
  │                                    ^^^^^^
  ╵
    C:\Users\alanl\Desktop\data2al.github.io-main\css\main.scss 3:36  root stylesheet
DEPRECATION WARNING [import]: Sass @import rules are deprecated and will be removed in Dart Sass 3.0.0.

More info and automated migrator: https://sass-lang.com/d/import

  ╷
3 │ @import "reset", "header", "post", "page", "syntax-highlighting", "index", "footer", "scrollbar";
  │                                            ^^^^^^^^^^^^^^^^^^^^^
  ╵
    C:\Users\alanl\Desktop\data2al.github.io-main\css\main.scss 3:44  root stylesheet
WARNING: 3 repetitive deprecation warnings omitted.
Run in verbose mode to see all warnings.
DEPRECATION WARNING [import]: Sass @import rules are deprecated and will be removed in Dart Sass 3.0.0.

More info and automated migrator: https://sass-lang.com/d/import

  ╷
3 │ @import "reset", "header", "post", "page", "syntax-highlighting", "index", "footer", "scrollbar";
  │         ^^^^^^^
  ╵
    C:\Users\alanl\Desktop\data2al.github.io-main\css\main.scss 3:9  root stylesheet
DEPRECATION WARNING [import]: Sass @import rules are deprecated and will be removed in Dart Sass 3.0.0.

More info and automated migrator: https://sass-lang.com/d/import

  ╷
3 │ @import "reset", "header", "post", "page", "syntax-highlighting", "index", "footer", "scrollbar";
  │                  ^^^^^^^^
  ╵
    C:\Users\alanl\Desktop\data2al.github.io-main\css\main.scss 3:18  root stylesheet
DEPRECATION WARNING [import]: Sass @import rules are deprecated and will be removed in Dart Sass 3.0.0.

More info and automated migrator: https://sass-lang.com/d/import

  ╷
3 │ @import "reset", "header", "post", "page", "syntax-highlighting", "index", "footer", "scrollbar";
  │                            ^^^^^^
  ╵
    C:\Users\alanl\Desktop\data2al.github.io-main\css\main.scss 3:28  root stylesheet
DEPRECATION WARNING [import]: Sass @import rules are deprecated and will be removed in Dart Sass 3.0.0.

More info and automated migrator: https://sass-lang.com/d/import

  ╷
3 │ @import "reset", "header", "post", "page", "syntax-highlighting", "index", "footer", "scrollbar";
  │                                    ^^^^^^
  ╵
    C:\Users\alanl\Desktop\data2al.github.io-main\css\main.scss 3:36  root stylesheet
DEPRECATION WARNING [import]: Sass @import rules are deprecated and will be removed in Dart Sass 3.0.0.

More info and automated migrator: https://sass-lang.com/d/import

  ╷
3 │ @import "reset", "header", "post", "page", "syntax-highlighting", "index", "footer", "scrollbar";
  │                                            ^^^^^^^^^^^^^^^^^^^^^
  ╵
    C:\Users\alanl\Desktop\data2al.github.io-main\css\main.scss 3:44  root stylesheet
WARNING: 3 repetitive deprecation warnings omitted.
Run in verbose mode to see all warnings.
DEPRECATION WARNING [import]: Sass @import rules are deprecated and will be removed in Dart Sass 3.0.0.

More info and automated migrator: https://sass-lang.com/d/import

  ╷
3 │ @import "reset", "header", "post", "page", "syntax-highlighting", "index", "footer", "scrollbar";
  │         ^^^^^^^
  ╵
    C:\Users\alanl\Desktop\data2al.github.io-main\css\main.scss 3:9  root stylesheet
DEPRECATION WARNING [import]: Sass @import rules are deprecated and will be removed in Dart Sass 3.0.0.

More info and automated migrator: https://sass-lang.com/d/import

  ╷
3 │ @import "reset", "header", "post", "page", "syntax-highlighting", "index", "footer", "scrollbar";
  │                  ^^^^^^^^
  ╵
    C:\Users\alanl\Desktop\data2al.github.io-main\css\main.scss 3:18  root stylesheet
DEPRECATION WARNING [import]: Sass @import rules are deprecated and will be removed in Dart Sass 3.0.0.

More info and automated migrator: https://sass-lang.com/d/import

  ╷
3 │ @import "reset", "header", "post", "page", "syntax-highlighting", "index", "footer", "scrollbar";
  │                            ^^^^^^
  ╵
    C:\Users\alanl\Desktop\data2al.github.io-main\css\main.scss 3:28  root stylesheet
DEPRECATION WARNING [import]: Sass @import rules are deprecated and will be removed in Dart Sass 3.0.0.

More info and automated migrator: https://sass-lang.com/d/import

  ╷
3 │ @import "reset", "header", "post", "page", "syntax-highlighting", "index", "footer", "scrollbar";
  │                                    ^^^^^^
  ╵
    C:\Users\alanl\Desktop\data2al.github.io-main\css\main.scss 3:36  root stylesheet
DEPRECATION WARNING [import]: Sass @import rules are deprecated and will be removed in Dart Sass 3.0.0.

More info and automated migrator: https://sass-lang.com/d/import

  ╷
3 │ @import "reset", "header", "post", "page", "syntax-highlighting", "index", "footer", "scrollbar";
  │                                            ^^^^^^^^^^^^^^^^^^^^^
  ╵
    C:\Users\alanl\Desktop\data2al.github.io-main\css\main.scss 3:44  root stylesheet
WARNING: 3 repetitive deprecation warnings omitted.
Run in verbose mode to see all warnings.
DEPRECATION WARNING [import]: Sass @import rules are deprecated and will be removed in Dart Sass 3.0.0.

More info and automated migrator: https://sass-lang.com/d/import

  ╷
3 │ @import "reset", "header", "post", "page", "syntax-highlighting", "index", "footer", "scrollbar";
  │         ^^^^^^^
  ╵
    C:\Users\alanl\Desktop\data2al.github.io-main\css\main.scss 3:9  root stylesheet
DEPRECATION WARNING [import]: Sass @import rules are deprecated and will be removed in Dart Sass 3.0.0.

More info and automated migrator: https://sass-lang.com/d/import

  ╷
3 │ @import "reset", "header", "post", "page", "syntax-highlighting", "index", "footer", "scrollbar";
  │                  ^^^^^^^^
  ╵
    C:\Users\alanl\Desktop\data2al.github.io-main\css\main.scss 3:18  root stylesheet
DEPRECATION WARNING [import]: Sass @import rules are deprecated and will be removed in Dart Sass 3.0.0.

More info and automated migrator: https://sass-lang.com/d/import

  ╷
3 │ @import "reset", "header", "post", "page", "syntax-highlighting", "index", "footer", "scrollbar";
  │                            ^^^^^^
  ╵
    C:\Users\alanl\Desktop\data2al.github.io-main\css\main.scss 3:28  root stylesheet
DEPRECATION WARNING [import]: Sass @import rules are deprecated and will be removed in Dart Sass 3.0.0.

More info and automated migrator: https://sass-lang.com/d/import

  ╷
3 │ @import "reset", "header", "post", "page", "syntax-highlighting", "index", "footer", "scrollbar";
  │                                    ^^^^^^
  ╵
    C:\Users\alanl\Desktop\data2al.github.io-main\css\main.scss 3:36  root stylesheet
DEPRECATION WARNING [import]: Sass @import rules are deprecated and will be removed in Dart Sass 3.0.0.

More info and automated migrator: https://sass-lang.com/d/import

  ╷
3 │ @import "reset", "header", "post", "page", "syntax-highlighting", "index", "footer", "scrollbar";
  │                                            ^^^^^^^^^^^^^^^^^^^^^
  ╵
    C:\Users\alanl\Desktop\data2al.github.io-main\css\main.scss 3:44  root stylesheet
WARNING: 3 repetitive deprecation warnings omitted.
Run in verbose mode to see all warnings.
DEPRECATION WARNING [import]: Sass @import rules are deprecated and will be removed in Dart Sass 3.0.0.

More info and automated migrator: https://sass-lang.com/d/import

  ╷
3 │ @import "reset", "header", "post", "page", "syntax-highlighting", "index", "footer", "scrollbar";
  │         ^^^^^^^
  ╵
    C:\Users\alanl\Desktop\data2al.github.io-main\css\main.scss 3:9  root stylesheet
DEPRECATION WARNING [import]: Sass @import rules are deprecated and will be removed in Dart Sass 3.0.0.

More info and automated migrator: https://sass-lang.com/d/import

  ╷
3 │ @import "reset", "header", "post", "page", "syntax-highlighting", "index", "footer", "scrollbar";
  │                  ^^^^^^^^
  ╵
    C:\Users\alanl\Desktop\data2al.github.io-main\css\main.scss 3:18  root stylesheet
DEPRECATION WARNING [import]: Sass @import rules are deprecated and will be removed in Dart Sass 3.0.0.

More info and automated migrator: https://sass-lang.com/d/import

  ╷
3 │ @import "reset", "header", "post", "page", "syntax-highlighting", "index", "footer", "scrollbar";
  │                            ^^^^^^
  ╵
    C:\Users\alanl\Desktop\data2al.github.io-main\css\main.scss 3:28  root stylesheet
DEPRECATION WARNING [import]: Sass @import rules are deprecated and will be removed in Dart Sass 3.0.0.

More info and automated migrator: https://sass-lang.com/d/import

  ╷
3 │ @import "reset", "header", "post", "page", "syntax-highlighting", "index", "footer", "scrollbar";
  │                                    ^^^^^^
  ╵
    C:\Users\alanl\Desktop\data2al.github.io-main\css\main.scss 3:36  root stylesheet
DEPRECATION WARNING [import]: Sass @import rules are deprecated and will be removed in Dart Sass 3.0.0.

More info and automated migrator: https://sass-lang.com/d/import

  ╷
3 │ @import "reset", "header", "post", "page", "syntax-highlighting", "index", "footer", "scrollbar";
  │                                            ^^^^^^^^^^^^^^^^^^^^^
  ╵
    C:\Users\alanl\Desktop\data2al.github.io-main\css\main.scss 3:44  root stylesheet
WARNING: 3 repetitive deprecation warnings omitted.
Run in verbose mode to see all warnings.
DEPRECATION WARNING [import]: Sass @import rules are deprecated and will be removed in Dart Sass 3.0.0.

More info and automated migrator: https://sass-lang.com/d/import

  ╷
3 │ @import "reset", "header", "post", "page", "syntax-highlighting", "index", "footer", "scrollbar";
  │         ^^^^^^^
  ╵
    C:\Users\alanl\Desktop\data2al.github.io-main\css\main.scss 3:9  root stylesheet
DEPRECATION WARNING [import]: Sass @import rules are deprecated and will be removed in Dart Sass 3.0.0.

More info and automated migrator: https://sass-lang.com/d/import

  ╷
3 │ @import "reset", "header", "post", "page", "syntax-highlighting", "index", "footer", "scrollbar";
  │                  ^^^^^^^^
  ╵
    C:\Users\alanl\Desktop\data2al.github.io-main\css\main.scss 3:18  root stylesheet
DEPRECATION WARNING [import]: Sass @import rules are deprecated and will be removed in Dart Sass 3.0.0.

More info and automated migrator: https://sass-lang.com/d/import

  ╷
3 │ @import "reset", "header", "post", "page", "syntax-highlighting", "index", "footer", "scrollbar";
  │                            ^^^^^^
  ╵
    C:\Users\alanl\Desktop\data2al.github.io-main\css\main.scss 3:28  root stylesheet
DEPRECATION WARNING [import]: Sass @import rules are deprecated and will be removed in Dart Sass 3.0.0.

More info and automated migrator: https://sass-lang.com/d/import

  ╷
3 │ @import "reset", "header", "post", "page", "syntax-highlighting", "index", "footer", "scrollbar";
  │                                    ^^^^^^
  ╵
    C:\Users\alanl\Desktop\data2al.github.io-main\css\main.scss 3:36  root stylesheet
DEPRECATION WARNING [import]: Sass @import rules are deprecated and will be removed in Dart Sass 3.0.0.

More info and automated migrator: https://sass-lang.com/d/import

  ╷
3 │ @import "reset", "header", "post", "page", "syntax-highlighting", "index", "footer", "scrollbar";
  │                                            ^^^^^^^^^^^^^^^^^^^^^
  ╵
    C:\Users\alanl\Desktop\data2al.github.io-main\css\main.scss 3:44  root stylesheet
WARNING: 3 repetitive deprecation warnings omitted.
Run in verbose mode to see all warnings.
DEPRECATION WARNING [import]: Sass @import rules are deprecated and will be removed in Dart Sass 3.0.0.

More info and automated migrator: https://sass-lang.com/d/import

  ╷
3 │ @import "reset", "header", "post", "page", "syntax-highlighting", "index", "footer", "scrollbar";
  │         ^^^^^^^
  ╵
    C:\Users\alanl\Desktop\data2al.github.io-main\css\main.scss 3:9  root stylesheet
DEPRECATION WARNING [import]: Sass @import rules are deprecated and will be removed in Dart Sass 3.0.0.

More info and automated migrator: https://sass-lang.com/d/import

  ╷
3 │ @import "reset", "header", "post", "page", "syntax-highlighting", "index", "footer", "scrollbar";
  │                  ^^^^^^^^
  ╵
    C:\Users\alanl\Desktop\data2al.github.io-main\css\main.scss 3:18  root stylesheet
DEPRECATION WARNING [import]: Sass @import rules are deprecated and will be removed in Dart Sass 3.0.0.

More info and automated migrator: https://sass-lang.com/d/import

  ╷
3 │ @import "reset", "header", "post", "page", "syntax-highlighting", "index", "footer", "scrollbar";
  │                            ^^^^^^
  ╵
    C:\Users\alanl\Desktop\data2al.github.io-main\css\main.scss 3:28  root stylesheet
DEPRECATION WARNING [import]: Sass @import rules are deprecated and will be removed in Dart Sass 3.0.0.

More info and automated migrator: https://sass-lang.com/d/import

  ╷
3 │ @import "reset", "header", "post", "page", "syntax-highlighting", "index", "footer", "scrollbar";
  │                                    ^^^^^^
  ╵
    C:\Users\alanl\Desktop\data2al.github.io-main\css\main.scss 3:36  root stylesheet
DEPRECATION WARNING [import]: Sass @import rules are deprecated and will be removed in Dart Sass 3.0.0.

More info and automated migrator: https://sass-lang.com/d/import

  ╷
3 │ @import "reset", "header", "post", "page", "syntax-highlighting", "index", "footer", "scrollbar";
  │                                            ^^^^^^^^^^^^^^^^^^^^^
  ╵
    C:\Users\alanl\Desktop\data2al.github.io-main\css\main.scss 3:44  root stylesheet
WARNING: 3 repetitive deprecation warnings omitted.
Run in verbose mode to see all warnings.
DEPRECATION WARNING [import]: Sass @import rules are deprecated and will be removed in Dart Sass 3.0.0.

More info and automated migrator: https://sass-lang.com/d/import

  ╷
3 │ @import "reset", "header", "post", "page", "syntax-highlighting", "index", "footer", "scrollbar";
  │         ^^^^^^^
  ╵
    C:\Users\alanl\Desktop\data2al.github.io-main\css\main.scss 3:9  root stylesheet
DEPRECATION WARNING [import]: Sass @import rules are deprecated and will be removed in Dart Sass 3.0.0.

More info and automated migrator: https://sass-lang.com/d/import

  ╷
3 │ @import "reset", "header", "post", "page", "syntax-highlighting", "index", "footer", "scrollbar";
  │                  ^^^^^^^^
  ╵
    C:\Users\alanl\Desktop\data2al.github.io-main\css\main.scss 3:18  root stylesheet
DEPRECATION WARNING [import]: Sass @import rules are deprecated and will be removed in Dart Sass 3.0.0.

More info and automated migrator: https://sass-lang.com/d/import

  ╷
3 │ @import "reset", "header", "post", "page", "syntax-highlighting", "index", "footer", "scrollbar";
  │                            ^^^^^^
  ╵
    C:\Users\alanl\Desktop\data2al.github.io-main\css\main.scss 3:28  root stylesheet
DEPRECATION WARNING [import]: Sass @import rules are deprecated and will be removed in Dart Sass 3.0.0.

More info and automated migrator: https://sass-lang.com/d/import

  ╷
3 │ @import "reset", "header", "post", "page", "syntax-highlighting", "index", "footer", "scrollbar";
  │                                    ^^^^^^
  ╵
    C:\Users\alanl\Desktop\data2al.github.io-main\css\main.scss 3:36  root stylesheet
DEPRECATION WARNING [import]: Sass @import rules are deprecated and will be removed in Dart Sass 3.0.0.

More info and automated migrator: https://sass-lang.com/d/import

  ╷
3 │ @import "reset", "header", "post", "page", "syntax-highlighting", "index", "footer", "scrollbar";
  │                                            ^^^^^^^^^^^^^^^^^^^^^
  ╵
    C:\Users\alanl\Desktop\data2al.github.io-main\css\main.scss 3:44  root stylesheet
WARNING: 3 repetitive deprecation warnings omitted.
Run in verbose mode to see all warnings.
